  Martin_Lab7.cpp
  The contents of <any> are available only with C++17 or later.
C:\Users\apmartin\source\repos\Martin_Lab7\packages\SFPhysics.2.2.0\build\native\include\SFPhysics\BoundsCollisionResult.h(9,2): warning C4099: 'sfp::BoundsCollisionResult': type name first seen using 'class' now seen using 'struct'
C:\Users\apmartin\source\repos\Martin_Lab7\packages\SFPhysics.2.2.0\build\native\include\SFPhysics\BoundsCollisionResult.h(8): message : see declaration of 'sfp::BoundsCollisionResult'
C:\Users\apmartin\source\repos\Martin_Lab7\Martin_Lab7\Martin_Lab7.cpp(68,37): warning C4305: 'argument': truncation from 'double' to 'T'
          with
          [
              T=float
          ]
C:\Program Files\Microsoft Visual Studio\2022\Enterprise\VC\Tools\MSVC\14.31.31103\include\type_traits(1490,67): warning C4244: 'argument': conversion from '_Ty1' to 'unsigned int', possible loss of data
          with
          [
              _Ty1=float
          ]
C:\Program Files\Microsoft Visual Studio\2022\Enterprise\VC\Tools\MSVC\14.31.31103\include\functional(663): message : see reference to function template instantiation 'void std::invoke<_Callable&,_Ty,>(sfp::PhysicsShapeT<sfp::CenteredRectangle,sfp::AABB>::{ctor}::<lambda_337f4d39cadad4db80a65b7d74a3f4c9>&,_Ty1 &&) noexcept(false)' being compiled
          with
          [
              _Callable=sfp::PhysicsShapeT<sfp::CenteredRectangle,sfp::AABB>::{ctor}::<lambda_337f4d39cadad4db80a65b7d74a3f4c9>,
              _Ty=float,
              _Ty1=float
          ]
C:\Program Files\Microsoft Visual Studio\2022\Enterprise\VC\Tools\MSVC\14.31.31103\include\functional(832): message : see reference to function template instantiation 'void std::_Invoker_ret<_Rx,true>::_Call<_Callable&,_Ty>(_Fx,_Ty &&) noexcept(false)' being compiled
          with
          [
              _Rx=void,
              _Callable=sfp::PhysicsShapeT<sfp::CenteredRectangle,sfp::AABB>::{ctor}::<lambda_337f4d39cadad4db80a65b7d74a3f4c9>,
              _Ty=float,
              _Fx=sfp::PhysicsShapeT<sfp::CenteredRectangle,sfp::AABB>::{ctor}::<lambda_337f4d39cadad4db80a65b7d74a3f4c9> &
          ]
C:\Program Files\Microsoft Visual Studio\2022\Enterprise\VC\Tools\MSVC\14.31.31103\include\functional(833): message : see reference to function template instantiation 'void std::_Invoker_ret<_Rx,true>::_Call<_Callable&,_Ty>(_Fx,_Ty &&) noexcept(false)' being compiled
          with
          [
              _Rx=void,
              _Callable=sfp::PhysicsShapeT<sfp::CenteredRectangle,sfp::AABB>::{ctor}::<lambda_337f4d39cadad4db80a65b7d74a3f4c9>,
              _Ty=float,
              _Fx=sfp::PhysicsShapeT<sfp::CenteredRectangle,sfp::AABB>::{ctor}::<lambda_337f4d39cadad4db80a65b7d74a3f4c9> &
          ]
C:\Program Files\Microsoft Visual Studio\2022\Enterprise\VC\Tools\MSVC\14.31.31103\include\functional(832): message : while compiling class template member function '_Rx std::_Func_impl_no_alloc<sfp::PhysicsShapeT<sfp::CenteredRectangle,sfp::AABB>::{ctor}::<lambda_337f4d39cadad4db80a65b7d74a3f4c9>,_Rx,float>::_Do_call(float &&)'
          with
          [
              _Rx=void
          ]
C:\Program Files\Microsoft Visual Studio\2022\Enterprise\VC\Tools\MSVC\14.31.31103\include\functional(730): message : see reference to class template instantiation 'std::_Func_impl_no_alloc<sfp::PhysicsShapeT<sfp::CenteredRectangle,sfp::AABB>::{ctor}::<lambda_337f4d39cadad4db80a65b7d74a3f4c9>,_Ret,float>' being compiled
          with
          [
              _Ret=void
          ]
C:\Program Files\Microsoft Visual Studio\2022\Enterprise\VC\Tools\MSVC\14.31.31103\include\functional(922): message : see reference to variable template 'const bool _Is_large<std::_Func_impl_no_alloc<<lambda_337f4d39cadad4db80a65b7d74a3f4c9>,void,float> >' being compiled
C:\Program Files\Microsoft Visual Studio\2022\Enterprise\VC\Tools\MSVC\14.31.31103\include\functional(1053): message : see reference to function template instantiation 'void std::_Func_class<_Ret,float>::_Reset<sfp::PhysicsShapeT<sfp::CenteredRectangle,sfp::AABB>::{ctor}::<lambda_337f4d39cadad4db80a65b7d74a3f4c9>>(_Fx &&)' being compiled
          with
          [
              _Ret=void,
              _Fx=sfp::PhysicsShapeT<sfp::CenteredRectangle,sfp::AABB>::{ctor}::<lambda_337f4d39cadad4db80a65b7d74a3f4c9>
          ]
C:\Program Files\Microsoft Visual Studio\2022\Enterprise\VC\Tools\MSVC\14.31.31103\include\functional(1053): message : see reference to function template instantiation 'void std::_Func_class<_Ret,float>::_Reset<sfp::PhysicsShapeT<sfp::CenteredRectangle,sfp::AABB>::{ctor}::<lambda_337f4d39cadad4db80a65b7d74a3f4c9>>(_Fx &&)' being compiled
          with
          [
              _Ret=void,
              _Fx=sfp::PhysicsShapeT<sfp::CenteredRectangle,sfp::AABB>::{ctor}::<lambda_337f4d39cadad4db80a65b7d74a3f4c9>
          ]
C:\Program Files\Microsoft Visual Studio\2022\Enterprise\VC\Tools\MSVC\14.31.31103\include\functional(1108): message : see reference to function template instantiation 'std::function<void (float)>::function<sfp::PhysicsShapeT<sfp::CenteredRectangle,sfp::AABB>::{ctor}::<lambda_337f4d39cadad4db80a65b7d74a3f4c9>,0>(_Fx)' being compiled
          with
          [
              _Fx=sfp::PhysicsShapeT<sfp::CenteredRectangle,sfp::AABB>::{ctor}::<lambda_337f4d39cadad4db80a65b7d74a3f4c9>
          ]
C:\Program Files\Microsoft Visual Studio\2022\Enterprise\VC\Tools\MSVC\14.31.31103\include\functional(1108): message : see reference to function template instantiation 'std::function<void (float)>::function<sfp::PhysicsShapeT<sfp::CenteredRectangle,sfp::AABB>::{ctor}::<lambda_337f4d39cadad4db80a65b7d74a3f4c9>,0>(_Fx)' being compiled
          with
          [
              _Fx=sfp::PhysicsShapeT<sfp::CenteredRectangle,sfp::AABB>::{ctor}::<lambda_337f4d39cadad4db80a65b7d74a3f4c9>
          ]
C:\Users\apmartin\source\repos\Martin_Lab7\packages\SFPhysics.2.2.0\build\native\include\SFPhysics\PhysicsShapeT.h(57): message : see reference to function template instantiation 'std::function<void (float)> &std::function<void (float)>::operator =<sfp::PhysicsShapeT<sfp::CenteredRectangle,sfp::AABB>::{ctor}::<lambda_337f4d39cadad4db80a65b7d74a3f4c9>,0>(_Fx &&)' being compiled
          with
          [
              _Fx=sfp::PhysicsShapeT<sfp::CenteredRectangle,sfp::AABB>::{ctor}::<lambda_337f4d39cadad4db80a65b7d74a3f4c9>
          ]
C:\Users\apmartin\source\repos\Martin_Lab7\packages\SFPhysics.2.2.0\build\native\include\SFPhysics\PhysicsShapeT.h(53): message : see reference to function template instantiation 'std::function<void (float)> &std::function<void (float)>::operator =<sfp::PhysicsShapeT<sfp::CenteredRectangle,sfp::AABB>::{ctor}::<lambda_337f4d39cadad4db80a65b7d74a3f4c9>,0>(_Fx &&)' being compiled
          with
          [
              _Fx=sfp::PhysicsShapeT<sfp::CenteredRectangle,sfp::AABB>::{ctor}::<lambda_337f4d39cadad4db80a65b7d74a3f4c9>
          ]
C:\Users\apmartin\source\repos\Martin_Lab7\packages\SFPhysics.2.2.0\build\native\include\SFPhysics\PhysicsShapeT.h(44): message : while compiling class template member function 'sfp::PhysicsShapeT<sfp::CenteredRectangle,sfp::AABB>::PhysicsShapeT(void)'
C:\Users\apmartin\source\repos\Martin_Lab7\packages\SFPhysics.2.2.0\build\native\include\SFPhysics\PhysicsRectangle.h(8): message : see reference to function template instantiation 'sfp::PhysicsShapeT<sfp::CenteredRectangle,sfp::AABB>::PhysicsShapeT(void)' being compiled
C:\Users\apmartin\source\repos\Martin_Lab7\packages\SFPhysics.2.2.0\build\native\include\SFPhysics\PhysicsRectangle.h(8): message : see reference to class template instantiation 'sfp::PhysicsShapeT<sfp::CenteredRectangle,sfp::AABB>' being compiled
  Martin_Lab7.vcxproj -> C:\Users\apmartin\source\repos\Martin_Lab7\x64\Debug\Martin_Lab7.exe
